\BOOKMARK [1][-]{section.1}{Abstract}{}% 1
\BOOKMARK [1][-]{section.2}{Listing of figures}{}% 2
\BOOKMARK [1][-]{section.3}{Acknowledgments}{}% 3
\BOOKMARK [1][-]{section.4}{Introduction}{}% 4
\BOOKMARK [1][-]{section.5}{Context Analysis}{}% 5
\BOOKMARK [2][-]{subsection.5.1}{Problem Statement}{section.5}% 6
\BOOKMARK [2][-]{subsection.5.2}{Scaled vehicle assembly}{section.5}% 7
\BOOKMARK [2][-]{subsection.5.3}{Vehicle model and characterization of the heading error}{section.5}% 8
\BOOKMARK [3][-]{subsubsection.5.3.1}{The Bicycle Model}{subsection.5.3}% 9
\BOOKMARK [3][-]{subsubsection.5.3.2}{Pure Pursuit and Heading Error}{subsection.5.3}% 10
\BOOKMARK [3][-]{subsubsection.5.3.3}{Camera}{subsection.5.3}% 11
\BOOKMARK [2][-]{subsection.5.4}{Simulation environment}{section.5}% 12
\BOOKMARK [1][-]{section.6}{Optimal path}{}% 13
\BOOKMARK [2][-]{subsection.6.1}{Why do we need a path to follow?}{section.6}% 14
\BOOKMARK [2][-]{subsection.6.2}{Why clothoids}{section.6}% 15
\BOOKMARK [2][-]{subsection.6.3}{Clothoid definition}{section.6}% 16
\BOOKMARK [2][-]{subsection.6.4}{Implementation}{section.6}% 17
\BOOKMARK [1][-]{section.7}{Performance metrics}{}% 18
\BOOKMARK [1][-]{section.8}{Neural Network Estimation}{}% 19
\BOOKMARK [1][-]{section.9}{Results}{}% 20
\BOOKMARK [1][-]{section.10}{Conclusion and Future Work}{}% 21
\BOOKMARK [1][-]{section.11}{Appendix}{}% 22
